This is e-pTeX, Version 3.14159265-p3.6-141210-2.6 (sjis) (TeX Live 2015/W32TeX) (preloaded format=platex 2015.3.16)  1 FEB 2017 10:58
entering extended mode
 restricted \write18 enabled.
 %&-line parsing enabled.
**c:/cygwin/home/yoshii/MLP/sections/optimization.tex
(c:/cygwin/home/yoshii/MLP/sections/optimization.tex
pLaTeX2e <2006/11/10> (based on LaTeX2e <2014/05/01> patch level 0)
Babel <3.9l> and hyphenation patterns for 79 languages loaded.
! Undefined control sequence.
l.1 \chapter
            {îΩïúç≈ìKâª}
? x
 
Here is how much of TeX's memory you used:
 5 strings out of 493797
 165 string characters out of 6153344
 53202 words of memory out of 5000000
 3573 multiletter control sequences out of 15000+600000
 7511 words of font info for 31 fonts, out of 8000000 for 9000
 929 hyphenation exceptions out of 8191
 5i,0n,1p,76b,8s stack positions out of 5000i,500n,10000p,500000b,80000s
No pages of output.
